Generated at 2016-12-25 23:02:04 +0000
Chef::Exceptions::EnclosingDirectoryDoesNotExist: template[/etc/nginx/snippets/self-signed.conf] (arterys::default line 20) had an error: Chef::Exceptions::EnclosingDirectoryDoesNotExist: Parent directory /etc/nginx/snippets does not exist.
/var/lib/gems/2.2.0/gems/chef-12.17.44/lib/chef/mixin/why_run.rb:240:in `run'
/var/lib/gems/2.2.0/gems/chef-12.17.44/lib/chef/mixin/why_run.rb:321:in `block in run'
/var/lib/gems/2.2.0/gems/chef-12.17.44/lib/chef/mixin/why_run.rb:320:in `each'
/var/lib/gems/2.2.0/gems/chef-12.17.44/lib/chef/mixin/why_run.rb:320:in `run'
/var/lib/gems/2.2.0/gems/chef-12.17.44/lib/chef/provider.rb:155:in `process_resource_requirements'
/var/lib/gems/2.2.0/gems/chef-12.17.44/lib/chef/provider.rb:133:in `run_action'
/var/lib/gems/2.2.0/gems/chef-12.17.44/lib/chef/resource.rb:622:in `run_action'
/var/lib/gems/2.2.0/gems/chef-12.17.44/lib/chef/runner.rb:69:in `run_action'
/var/lib/gems/2.2.0/gems/chef-12.17.44/lib/chef/runner.rb:97:in `block (2 levels) in converge'
/var/lib/gems/2.2.0/gems/chef-12.17.44/lib/chef/runner.rb:97:in `each'
/var/lib/gems/2.2.0/gems/chef-12.17.44/lib/chef/runner.rb:97:in `block in converge'
/var/lib/gems/2.2.0/gems/chef-12.17.44/lib/chef/resource_collection/resource_list.rb:94:in `block in execute_each_resource'
/var/lib/gems/2.2.0/gems/chef-12.17.44/lib/chef/resource_collection/stepable_iterator.rb:114:in `call'
/var/lib/gems/2.2.0/gems/chef-12.17.44/lib/chef/resource_collection/stepable_iterator.rb:114:in `call_iterator_block'
/var/lib/gems/2.2.0/gems/chef-12.17.44/lib/chef/resource_collection/stepable_iterator.rb:85:in `step'
/var/lib/gems/2.2.0/gems/chef-12.17.44/lib/chef/resource_collection/stepable_iterator.rb:103:in `iterate'
/var/lib/gems/2.2.0/gems/chef-12.17.44/lib/chef/resource_collection/stepable_iterator.rb:55:in `each_with_index'
/var/lib/gems/2.2.0/gems/chef-12.17.44/lib/chef/resource_collection/resource_list.rb:92:in `execute_each_resource'
/var/lib/gems/2.2.0/gems/chef-12.17.44/lib/chef/runner.rb:96:in `converge'
/var/lib/gems/2.2.0/gems/chef-12.17.44/lib/chef/client.rb:670:in `block in converge'
/var/lib/gems/2.2.0/gems/chef-12.17.44/lib/chef/client.rb:665:in `catch'
/var/lib/gems/2.2.0/gems/chef-12.17.44/lib/chef/client.rb:665:in `converge'
/var/lib/gems/2.2.0/gems/chef-12.17.44/lib/chef/client.rb:704:in `converge_and_save'
/var/lib/gems/2.2.0/gems/chef-12.17.44/lib/chef/client.rb:284:in `run'
/var/lib/gems/2.2.0/gems/chef-12.17.44/lib/chef/application.rb:294:in `block in fork_chef_client'
/var/lib/gems/2.2.0/gems/chef-12.17.44/lib/chef/application.rb:282:in `fork'
/var/lib/gems/2.2.0/gems/chef-12.17.44/lib/chef/application.rb:282:in `fork_chef_client'
/var/lib/gems/2.2.0/gems/chef-12.17.44/lib/chef/application.rb:247:in `block in run_chef_client'
/var/lib/gems/2.2.0/gems/chef-12.17.44/lib/chef/local_mode.rb:44:in `with_server_connectivity'
/var/lib/gems/2.2.0/gems/chef-12.17.44/lib/chef/application.rb:235:in `run_chef_client'
/var/lib/gems/2.2.0/gems/chef-12.17.44/lib/chef/application/client.rb:464:in `sleep_then_run_chef_client'
/var/lib/gems/2.2.0/gems/chef-12.17.44/lib/chef/application/client.rb:451:in `block in interval_run_chef_client'
/var/lib/gems/2.2.0/gems/chef-12.17.44/lib/chef/application/client.rb:450:in `loop'
/var/lib/gems/2.2.0/gems/chef-12.17.44/lib/chef/application/client.rb:450:in `interval_run_chef_client'
/var/lib/gems/2.2.0/gems/chef-12.17.44/lib/chef/application/client.rb:434:in `run_application'
/var/lib/gems/2.2.0/gems/chef-12.17.44/lib/chef/application.rb:59:in `run'
/var/lib/gems/2.2.0/gems/chef-12.17.44/lib/chef/application/solo.rb:226:in `run'
/var/lib/gems/2.2.0/gems/chef-12.17.44/bin/chef-solo:25:in `<top (required)>'
/usr/local/bin/chef-solo:23:in `load'
/usr/local/bin/chef-solo:23:in `<main>'

>>>> Caused by Chef::Exceptions::EnclosingDirectoryDoesNotExist: Parent directory /etc/nginx/snippets does not exist.
/var/lib/gems/2.2.0/gems/chef-12.17.44/lib/chef/mixin/why_run.rb:240:in `run'
/var/lib/gems/2.2.0/gems/chef-12.17.44/lib/chef/mixin/why_run.rb:321:in `block in run'
/var/lib/gems/2.2.0/gems/chef-12.17.44/lib/chef/mixin/why_run.rb:320:in `each'
/var/lib/gems/2.2.0/gems/chef-12.17.44/lib/chef/mixin/why_run.rb:320:in `run'
/var/lib/gems/2.2.0/gems/chef-12.17.44/lib/chef/provider.rb:155:in `process_resource_requirements'
/var/lib/gems/2.2.0/gems/chef-12.17.44/lib/chef/provider.rb:133:in `run_action'
/var/lib/gems/2.2.0/gems/chef-12.17.44/lib/chef/resource.rb:622:in `run_action'
/var/lib/gems/2.2.0/gems/chef-12.17.44/lib/chef/runner.rb:69:in `run_action'
/var/lib/gems/2.2.0/gems/chef-12.17.44/lib/chef/runner.rb:97:in `block (2 levels) in converge'
/var/lib/gems/2.2.0/gems/chef-12.17.44/lib/chef/runner.rb:97:in `each'
/var/lib/gems/2.2.0/gems/chef-12.17.44/lib/chef/runner.rb:97:in `block in converge'
/var/lib/gems/2.2.0/gems/chef-12.17.44/lib/chef/resource_collection/resource_list.rb:94:in `block in execute_each_resource'
/var/lib/gems/2.2.0/gems/chef-12.17.44/lib/chef/resource_collection/stepable_iterator.rb:114:in `call'
/var/lib/gems/2.2.0/gems/chef-12.17.44/lib/chef/resource_collection/stepable_iterator.rb:114:in `call_iterator_block'
/var/lib/gems/2.2.0/gems/chef-12.17.44/lib/chef/resource_collection/stepable_iterator.rb:85:in `step'
/var/lib/gems/2.2.0/gems/chef-12.17.44/lib/chef/resource_collection/stepable_iterator.rb:103:in `iterate'
/var/lib/gems/2.2.0/gems/chef-12.17.44/lib/chef/resource_collection/stepable_iterator.rb:55:in `each_with_index'
/var/lib/gems/2.2.0/gems/chef-12.17.44/lib/chef/resource_collection/resource_list.rb:92:in `execute_each_resource'
/var/lib/gems/2.2.0/gems/chef-12.17.44/lib/chef/runner.rb:96:in `converge'
/var/lib/gems/2.2.0/gems/chef-12.17.44/lib/chef/client.rb:670:in `block in converge'
/var/lib/gems/2.2.0/gems/chef-12.17.44/lib/chef/client.rb:665:in `catch'
/var/lib/gems/2.2.0/gems/chef-12.17.44/lib/chef/client.rb:665:in `converge'
/var/lib/gems/2.2.0/gems/chef-12.17.44/lib/chef/client.rb:704:in `converge_and_save'
/var/lib/gems/2.2.0/gems/chef-12.17.44/lib/chef/client.rb:284:in `run'
/var/lib/gems/2.2.0/gems/chef-12.17.44/lib/chef/application.rb:294:in `block in fork_chef_client'
/var/lib/gems/2.2.0/gems/chef-12.17.44/lib/chef/application.rb:282:in `fork'
/var/lib/gems/2.2.0/gems/chef-12.17.44/lib/chef/application.rb:282:in `fork_chef_client'
/var/lib/gems/2.2.0/gems/chef-12.17.44/lib/chef/application.rb:247:in `block in run_chef_client'
/var/lib/gems/2.2.0/gems/chef-12.17.44/lib/chef/local_mode.rb:44:in `with_server_connectivity'
/var/lib/gems/2.2.0/gems/chef-12.17.44/lib/chef/application.rb:235:in `run_chef_client'
/var/lib/gems/2.2.0/gems/chef-12.17.44/lib/chef/application/client.rb:464:in `sleep_then_run_chef_client'
/var/lib/gems/2.2.0/gems/chef-12.17.44/lib/chef/application/client.rb:451:in `block in interval_run_chef_client'
/var/lib/gems/2.2.0/gems/chef-12.17.44/lib/chef/application/client.rb:450:in `loop'
/var/lib/gems/2.2.0/gems/chef-12.17.44/lib/chef/application/client.rb:450:in `interval_run_chef_client'
/var/lib/gems/2.2.0/gems/chef-12.17.44/lib/chef/application/client.rb:434:in `run_application'
/var/lib/gems/2.2.0/gems/chef-12.17.44/lib/chef/application.rb:59:in `run'
/var/lib/gems/2.2.0/gems/chef-12.17.44/lib/chef/application/solo.rb:226:in `run'
/var/lib/gems/2.2.0/gems/chef-12.17.44/bin/chef-solo:25:in `<top (required)>'
/usr/local/bin/chef-solo:23:in `load'
/usr/local/bin/chef-solo:23:in `<main>'